2025-05-30 11:05:34,745 - INFO - === Step 1: Load Excel Data ===
2025-05-30 11:05:35,362 - INFO - Loaded 1 accounts.
2025-05-30 11:05:35,381 - INFO - Loaded 8 credit cards.
2025-05-30 11:05:35,395 - INFO - Loaded 9 products.
2025-05-30 11:05:35,396 - INFO - === Step 2: Process Data ===
2025-05-30 11:05:35,397 - INFO - Processing data...
2025-05-30 11:05:35,397 - INFO - Account: ying.hahn@gmail.com -> PWD: 1230125Aa
2025-05-30 11:05:35,398 - INFO - Card Number: 1234123412341234 -> CSV: 05/31
2025-05-30 11:05:35,398 - INFO - Card Number: 1234123412342234 -> CSV: 05/31
2025-05-30 11:05:35,398 - INFO - Card Number: 1234123412343234 -> CSV: 05/31
2025-05-30 11:05:35,398 - INFO - Card Number: 1234123412344234 -> CSV: 05/31
2025-05-30 11:05:35,399 - INFO - Card Number: 1234123412345234 -> CSV: 05/31
2025-05-30 11:05:35,399 - INFO - Card Number: 1234123412346234 -> CSV: 05/31
2025-05-30 11:05:35,399 - INFO - Card Number: 1234123412347234 -> CSV: 05/31
2025-05-30 11:05:35,400 - INFO - Card Number: 1234123412348234 -> CSV: 05/31
2025-05-30 11:05:35,400 - INFO - Product No: 12345687890 -> Quantity: 2
2025-05-30 11:05:35,400 - INFO - Product No: 12345687891 -> Quantity: 1
2025-05-30 11:05:35,400 - INFO - Product No: 12345687892 -> Quantity: 2
2025-05-30 11:05:35,401 - INFO - Product No: 12345687893 -> Quantity: 1
2025-05-30 11:05:35,401 - INFO - Product No: 12345687894 -> Quantity: 2
2025-05-30 11:05:35,401 - INFO - Product No: 12345687895 -> Quantity: 1
2025-05-30 11:05:35,401 - INFO - Product No: 12345687896 -> Quantity: 1
2025-05-30 11:05:35,402 - INFO - Product No: 12345687897 -> Quantity: 1
2025-05-30 11:05:35,402 - INFO - Product No: 12345687898 -> Quantity: 1
2025-05-30 11:05:38,006 - INFO - All steps completed.
